<?xml version="1.0" encoding="UTF-8"?>
<!-- Generated by org.testng.reporters.JUnitReportReporter -->
<testsuite hostname="DESKTOP-HCMDDC7" failures="0" tests="1" name="TestCases.LogOut" time="9.687" errors="0" timestamp="2025-08-13T19:00:31 BDT" skipped="0">
  <testcase classname="TestCases.LogOut" name="loggedOut" time="9.687"/>
  <system-out/>
</testsuite> <!-- TestCases.LogOut -->
