<?xml version="1.0" encoding="UTF-8"?>
<!-- Generated by org.testng.reporters.JUnitReportReporter -->
<testsuite hostname="DESKTOP-HCMDDC7" failures="0" tests="1" name="TestCases.CartOperation" time="18.903" errors="0" timestamp="2025-08-13T19:00:31 BDT" skipped="0">
  <testcase classname="TestCases.CartOperation" name="CartOperate" time="18.903"/>
  <system-out/>
</testsuite> <!-- TestCases.CartOperation -->
