<?xml version="1.0" encoding="UTF-8"?>
<!-- Generated by org.testng.reporters.JUnitReportReporter -->
<testsuite hostname="DESKTOP-HCMDDC7" failures="0" tests="1" name="TestCases.CheckOut" time="44.584" errors="0" timestamp="2025-08-13T19:00:31 BDT" skipped="0">
  <testcase classname="TestCases.CheckOut" name="checkedOut" time="44.584"/>
  <system-out/>
</testsuite> <!-- TestCases.CheckOut -->
