<?xml version="1.0" encoding="UTF-8"?>
<!-- Generated by org.testng.reporters.JUnitReportReporter -->
<testsuite hostname="DESKTOP-HCMDDC7" failures="0" tests="1" name="TestCases.SortingOperation" time="16.527" errors="0" timestamp="2025-08-14T03:34:04 BDT" skipped="0">
  <testcase classname="TestCases.SortingOperation" name="sort" time="16.527"/>
  <system-out/>
</testsuite> <!-- TestCases.SortingOperation -->
