<?xml version="1.0" encoding="UTF-8"?>
<!-- Generated by org.testng.reporters.JUnitReportReporter -->
<testsuite hostname="DESKTOP-HCMDDC7" failures="0" tests="1" name="TestCases.AddToCart" time="35.233" errors="0" timestamp="2025-08-14T03:34:03 BDT" skipped="0">
  <testcase classname="TestCases.AddToCart" name="AddProductToCart" time="35.233"/>
  <system-out/>
</testsuite> <!-- TestCases.AddToCart -->
